TN:
SF:src\business\MusicBusiness.ts
FN:9,(anonymous_7)
FN:15,(anonymous_8)
FN:48,(anonymous_10)
FN:60,(anonymous_12)
FNF:4
FNH:4
FNDA:13,(anonymous_7)
FNDA:8,(anonymous_8)
FNDA:2,(anonymous_10)
FNDA:3,(anonymous_12)
DA:5,3
DA:6,3
DA:8,3
DA:10,13
DA:11,13
DA:12,13
DA:16,8
DA:17,1
DA:20,7
DA:28,6
DA:31,1
DA:33,1
DA:35,1
DA:49,2
DA:50,1
DA:53,1
DA:55,1
DA:57,1
DA:61,3
DA:62,1
DA:65,2
DA:66,1
DA:69,1
DA:71,1
LF:24
LH:24
BRDA:16,0,0,1
BRDA:16,0,1,7
BRDA:20,1,0,6
BRDA:20,1,1,1
BRDA:21,2,0,7
BRDA:21,2,1,6
BRDA:21,2,2,3
BRDA:21,2,3,3
BRDA:21,2,4,2
BRDA:21,2,5,1
BRDA:49,3,0,1
BRDA:49,3,1,1
BRDA:61,4,0,1
BRDA:61,4,1,2
BRDA:65,5,0,1
BRDA:65,5,1,1
BRF:16
BRH:16
end_of_record
TN:
SF:src\business\UserBusiness.ts
FN:10,(anonymous_7)
FN:17,(anonymous_8)
FN:42,(anonymous_10)
FNF:3
FNH:3
FNDA:13,(anonymous_7)
FNDA:7,(anonymous_8)
FNDA:6,(anonymous_10)
DA:6,2
DA:7,2
DA:9,2
DA:11,13
DA:12,13
DA:13,13
DA:14,13
DA:19,7
DA:20,4
DA:23,3
DA:24,1
DA:27,2
DA:28,1
DA:31,1
DA:33,1
DA:35,1
DA:37,1
DA:39,1
DA:44,6
DA:45,2
DA:48,4
DA:49,4
DA:50,1
DA:53,3
DA:55,3
DA:56,1
DA:59,2
DA:61,2
LF:28
LH:28
BRDA:19,0,0,4
BRDA:19,0,1,3
BRDA:19,1,0,7
BRDA:19,1,1,6
BRDA:19,1,2,5
BRDA:19,1,3,4
BRDA:23,2,0,1
BRDA:23,2,1,2
BRDA:27,3,0,1
BRDA:27,3,1,1
BRDA:44,4,0,2
BRDA:44,4,1,4
BRDA:44,5,0,6
BRDA:44,5,1,5
BRDA:49,6,0,1
BRDA:49,6,1,3
BRDA:55,7,0,1
BRDA:55,7,1,2
BRF:18
BRH:18
end_of_record
TN:
SF:src\error\GenericError.ts
FN:4,(anonymous_0)
FNF:1
FNH:1
FNDA:3,(anonymous_0)
DA:1,3
DA:3,3
DA:5,3
LF:3
LH:3
BRF:0
BRH:0
end_of_record
TN:
SF:src\error\InvalidParameterError.ts
FN:4,(anonymous_0)
FNF:1
FNH:1
FNDA:16,(anonymous_0)
DA:1,5
DA:3,5
DA:5,16
LF:3
LH:3
BRF:0
BRH:0
end_of_record
TN:
SF:src\error\NotFoundError.ts
FN:4,(anonymous_0)
FNF:1
FNH:1
FNDA:1,(anonymous_0)
DA:1,2
DA:3,2
DA:5,1
LF:3
LH:3
BRF:0
BRH:0
end_of_record
TN:
SF:src\error\base\BaseError.ts
FN:2,(anonymous_0)
FNF:1
FNH:1
FNDA:20,(anonymous_0)
DA:1,5
DA:2,20
DA:3,20
LF:3
LH:3
BRF:0
BRH:0
end_of_record
TN:
SF:src\model\Music.ts
FN:4,(anonymous_1)
FN:15,(anonymous_2)
FN:19,(anonymous_3)
FN:23,(anonymous_4)
FN:27,(anonymous_5)
FN:31,(anonymous_6)
FN:35,(anonymous_7)
FN:39,(anonymous_8)
FN:43,(anonymous_9)
FN:47,(anonymous_10)
FN:51,(anonymous_11)
FNF:11
FNH:1
FNDA:4,(anonymous_1)
FNDA:0,(anonymous_2)
FNDA:0,(anonymous_3)
FNDA:0,(anonymous_4)
FNDA:0,(anonymous_5)
FNDA:0,(anonymous_6)
FNDA:0,(anonymous_7)
FNDA:0,(anonymous_8)
FNDA:0,(anonymous_9)
FNDA:0,(anonymous_10)
FNDA:0,(anonymous_11)
DA:1,2
DA:3,2
DA:5,4
DA:6,4
DA:7,4
DA:8,4
DA:9,4
DA:10,4
DA:11,4
DA:12,4
DA:16,0
DA:20,0
DA:24,0
DA:28,0
DA:32,0
DA:36,0
DA:40,0
DA:44,0
DA:48,0
DA:52,0
LF:20
LH:10
BRDA:8,0,0,0
BRF:1
BRH:0
end_of_record
TN:
SF:src\model\User.ts
FN:2,(anonymous_0)
FN:10,(anonymous_1)
FN:14,(anonymous_2)
FN:18,(anonymous_3)
FN:22,(anonymous_4)
FN:26,(anonymous_5)
FN:30,(anonymous_6)
FNF:7
FNH:3
FNDA:3,(anonymous_0)
FNDA:2,(anonymous_1)
FNDA:0,(anonymous_2)
FNDA:0,(anonymous_3)
FNDA:0,(anonymous_4)
FNDA:3,(anonymous_5)
FNDA:0,(anonymous_6)
DA:1,1
DA:3,3
DA:4,3
DA:5,3
DA:6,3
DA:7,3
DA:11,2
DA:15,0
DA:19,0
DA:23,0
DA:27,3
DA:31,0
LF:12
LH:8
BRF:0
BRH:0
end_of_record
